<?xml version="1.0" encoding="UTF-8"?>
<testsuite name="com.nowcoder.ToutiaoApplicationTests" time="0" tests="1" errors="0" skipped="0" failures="0">
  <properties>
    <property name="idea.version" value="2018.3.2"/>
    <property name="java.runtime.name" value="Java(TM) SE Runtime Environment"/>
    <property name="sun.boot.library.path" value="D:\java\jdk\jre\bin"/>
    <property name="java.vm.version" value="25.172-b11"/>
    <property name="java.vm.vendor" value="Oracle Corporation"/>
    <property name="maven.multiModuleProjectDirectory" value="D:\toutiao1\toutiao"/>
    <property name="java.vendor.url" value="http://java.oracle.com/"/>
    <property name="path.separator" value=";"/>
    <property name="guice.disable.misplaced.annotation.check" value="true"/>
    <property name="java.vm.name" value="Java HotSpot(TM) 64-Bit Server VM"/>
    <property name="file.encoding.pkg" value="sun.io"/>
    <property name="user.script" value=""/>
    <property name="user.country" value="CN"/>
    <property name="sun.java.launcher" value="SUN_STANDARD"/>
    <property name="sun.os.patch.level" value=""/>
    <property name="java.vm.specification.name" value="Java Virtual Machine Specification"/>
    <property name="user.dir" value="D:\toutiao1\toutiao"/>
    <property name="java.runtime.version" value="1.8.0_172-b11"/>
    <property name="java.awt.graphicsenv" value="sun.awt.Win32GraphicsEnvironment"/>
    <property name="java.endorsed.dirs" value="D:\java\jdk\jre\lib\endorsed"/>
    <property name="os.arch" value="amd64"/>
    <property name="java.io.tmpdir" value="C:\Users\77416\AppData\Local\Temp\"/>
    <property name="line.separator" value="&#10;"/>
    <property name="java.vm.specification.vendor" value="Oracle Corporation"/>
    <property name="user.variant" value=""/>
    <property name="os.name" value="Windows 10"/>
    <property name="classworlds.conf" value="D:\maven\apache-maven-3.6.0\bin\m2.conf"/>
    <property name="sun.jnu.encoding" value="GBK"/>
    <property name="java.library.path" value="D:\java\jdk\bin;C:\WINDOWS\Sun\Java\bin;C:\WINDOWS\system32;C:\WINDOWS;D:\oRACLE\product\11.2.0\dbhome_2\bin;C:\Program Files (x86)\Common Files\Oracle\Java\javapath;C:\Program Files (x86)\Intel\iCLS Client\;C:\Program Files\Intel\iCLS Client\;C:\Windows\system32;C:\Windows;C:\Windows\System32\Wbem;C:\Windows\System32\WindowsPowerShell\v1.0\;C:\Program Files\Intel\WiFi\bin\;C:\Program Files\Common Files\Intel\WirelessCommon\;C:\Program Files (x86)\NVIDIA Corporation\PhysX\Common;C:\Program Files (x86)\Intel\Intel(R) Management Engine Components\DAL;C:\Program Files\Intel\Intel(R) Management Engine Components\DAL;C:\Program Files (x86)\Intel\Intel(R) Management Engine Components\IPT;C:\Program Files\Intel\Intel(R) Management Engine Components\IPT;C:\Program Files\Acer ProShield\;C:\Program Files\Acer ProShield\x86;C:\WINDOWS\system32;C:\WINDOWS;C:\WINDOWS\System32\Wbem;C:\WINDOWS\System32\WindowsPowerShell\v1.0\;C:\Program Files (x86)\GtkSharp\2.12\bin;&quot;;D:\java\jdk\bin;D:\java\jdk\jre\bin;C:\WINDOWS\System32\OpenSSH\;D:\UE&quot;;D:\Python;D:\Mysql\bin;D:\maven\apache-maven-3.6.0\bin;C:\Program Files\TortoiseSVN\bin;D:\Python\Scripts\;D:\Python\;C:\Users\77416\AppData\Local\Microsoft\WindowsApps;;."/>
    <property name="maven.conf" value="D:\maven\apache-maven-3.6.0/conf"/>
    <property name="java.specification.name" value="Java Platform API Specification"/>
    <property name="java.class.version" value="52.0"/>
    <property name="sun.management.compiler" value="HotSpot 64-Bit Tiered Compilers"/>
    <property name="maven.repo.local" value="D:\maven_repo"/>
    <property name="os.version" value="10.0"/>
    <property name="user.home" value="C:\Users\77416"/>
    <property name="user.timezone" value="Asia/Shanghai"/>
    <property name="java.awt.printerjob" value="sun.awt.windows.WPrinterJob"/>
    <property name="java.specification.version" value="1.8"/>
    <property name="file.encoding" value="UTF-8"/>
    <property name="user.name" value="77416"/>
    <property name="java.class.path" value="D:\maven\apache-maven-3.6.0\boot\plexus-classworlds-2.5.2.jar;D:\IDEA\IntelliJ IDEA 2018.3.2\lib\idea_rt.jar"/>
    <property name="java.vm.specification.version" value="1.8"/>
    <property name="sun.arch.data.model" value="64"/>
    <property name="java.home" value="D:\java\jdk\jre"/>
    <property name="sun.java.command" value="org.codehaus.classworlds.Launcher -Didea.version=2018.3.2 -s D:\maven\apache-maven-3.6.0\conf\settings.xml -Dmaven.repo.local=D:\maven_repo install"/>
    <property name="java.specification.vendor" value="Oracle Corporation"/>
    <property name="user.language" value="zh"/>
    <property name="awt.toolkit" value="sun.awt.windows.WToolkit"/>
    <property name="java.vm.info" value="mixed mode"/>
    <property name="java.version" value="1.8.0_172"/>
    <property name="java.ext.dirs" value="D:\java\jdk\jre\lib\ext;C:\WINDOWS\Sun\Java\lib\ext"/>
    <property name="sun.boot.class.path" value="D:\java\jdk\jre\lib\resources.jar;D:\java\jdk\jre\lib\rt.jar;D:\java\jdk\jre\lib\sunrsasign.jar;D:\java\jdk\jre\lib\jsse.jar;D:\java\jdk\jre\lib\jce.jar;D:\java\jdk\jre\lib\charsets.jar;D:\java\jdk\jre\lib\jfr.jar;D:\java\jdk\jre\classes"/>
    <property name="java.vendor" value="Oracle Corporation"/>
    <property name="maven.home" value="D:\maven\apache-maven-3.6.0"/>
    <property name="file.separator" value="\"/>
    <property name="java.vendor.url.bug" value="http://bugreport.sun.com/bugreport/"/>
    <property name="sun.cpu.endian" value="little"/>
    <property name="sun.io.unicode.encoding" value="UnicodeLittle"/>
    <property name="sun.desktop" value="windows"/>
    <property name="sun.cpu.isalist" value="amd64"/>
  </properties>
  <testcase name="contextLoads" classname="com.nowcoder.ToutiaoApplicationTests" time="0"/>
</testsuite>